<?xml version="1.0" encoding="UTF-8"?>
<!-- Generated by org.testng.reporters.JUnitReportReporter -->
<testsuite hostname="DESKTOP-EENSDV0" failures="0" tests="2" name="executable.Testcase1" time="41.491" errors="0" timestamp="21 Oct 2022 12:44:38 GMT" skipped="0">
  <testcase classname="executable.Testcase1" name="Test1" time="26.982"/>
  <testcase classname="executable.Testcase1" name="Test2" time="14.509"/>
</testsuite> <!-- executable.Testcase1 -->
