<?xml version="1.0" encoding="UTF-8"?>
<!-- Generated by org.testng.reporters.JUnitReportReporter -->
<testsuite hostname="DESKTOP-EENSDV0" failures="0" tests="2" name="executable.Testcase" time="13.744" errors="0" timestamp="21 Oct 2022 09:55:20 GMT" skipped="0">
  <testcase classname="executable.Testcase" name="Test2" time="6.076"/>
  <testcase classname="executable.Testcase" name="Test1" time="7.668"/>
</testsuite> <!-- executable.Testcase -->
